<?xml version="1.0" encoding="UTF-8"?>
<!-- Generated by org.testng.reporters.JUnitReportReporter -->
<testsuite hostname="SarthakSyduAIO" failures="0" tests="14" name="com.tutorialsninja.qa.testcases.LoginTest" time="95.365" errors="0" timestamp="2023-06-11T19:39:29 EDT" skipped="0">
  <testcase classname="com.tutorialsninja.qa.testcases.LoginTest" name="verifyLoginWithValidCredentials" time="6.291"/>
  <system-out/>
  <testcase classname="com.tutorialsninja.qa.testcases.LoginTest" name="verifyLoginWithValidCredentials" time="6.069"/>
  <system-out/>
  <testcase classname="com.tutorialsninja.qa.testcases.LoginTest" name="verifyLoginWithValidCredentials" time="6.837"/>
  <system-out/>
  <testcase classname="com.tutorialsninja.qa.testcases.LoginTest" name="verifyLoginWithValidCredentials" time="6.145"/>
  <system-out/>
  <testcase classname="com.tutorialsninja.qa.testcases.LoginTest" name="verifyLoginWithValidCredentials" time="7.720"/>
  <system-out/>
  <testcase classname="com.tutorialsninja.qa.testcases.LoginTest" name="verifyLoginWithValidCredentials" time="8.740"/>
  <system-out/>
  <testcase classname="com.tutorialsninja.qa.testcases.LoginTest" name="verifyLoginWithValidCredentials" time="7.718"/>
  <system-out/>
  <testcase classname="com.tutorialsninja.qa.testcases.LoginTest" name="verifyLoginWithValidCredentials" time="7.706"/>
  <system-out/>
  <testcase classname="com.tutorialsninja.qa.testcases.LoginTest" name="verifyLoginWithValidCredentials" time="5.791"/>
  <system-out/>
  <testcase classname="com.tutorialsninja.qa.testcases.LoginTest" name="verifyLoginWithValidCredentials" time="8.500"/>
  <system-out/>
  <testcase classname="com.tutorialsninja.qa.testcases.LoginTest" name="verifyLoginWithValidEmailInvalidPassword" time="5.681"/>
  <system-out/>
  <testcase classname="com.tutorialsninja.qa.testcases.LoginTest" name="verifyLoginWithInvalidEmailValidPassword" time="5.651"/>
  <system-out/>
  <testcase classname="com.tutorialsninja.qa.testcases.LoginTest" name="verifyLoginWithInvalidCredentials" time="6.981"/>
  <system-out/>
  <testcase classname="com.tutorialsninja.qa.testcases.LoginTest" name="verifyLoginWithoutCredentials" time="5.535"/>
  <system-out/>
</testsuite> <!-- com.tutorialsninja.qa.testcases.LoginTest -->
