<?xml version="1.0" encoding="UTF-8"?>
<!-- Generated by org.testng.reporters.JUnitReportReporter -->
<testsuite hostname="SarthakSyduAIO" failures="0" tests="3" name="com.tutorialsninja.qa.testcases.SearchProductTest" time="43.745" errors="0" timestamp="2023-06-05T21:23:33 EDT" skipped="0">
  <testcase classname="com.tutorialsninja.qa.testcases.SearchProductTest" name="verifySearchWithValidProduct" time="5.364"/>
  <system-out/>
  <testcase classname="com.tutorialsninja.qa.testcases.SearchProductTest" name="verifySearchWithInvalidProduct" time="5.372"/>
  <system-out/>
  <testcase classname="com.tutorialsninja.qa.testcases.SearchProductTest" name="verifySearchWithNoProduct" time="33.009"/>
  <system-out/>
</testsuite> <!-- com.tutorialsninja.qa.testcases.SearchProductTest -->
