<?xml version="1.0" encoding="UTF-8"?>
<!-- Generated by org.testng.reporters.JUnitReportReporter -->
<testsuite hostname="SarthakSyduAIO" failures="0" tests="3" name="com.tutorialsninja.qa.testcases.SearchProductTest" time="16.739" errors="0" timestamp="2023-06-10T20:20:42 EDT" skipped="0">
  <testcase classname="com.tutorialsninja.qa.testcases.SearchProductTest" name="verifySearchWithValidProduct" time="6.236"/>
  <system-out/>
  <testcase classname="com.tutorialsninja.qa.testcases.SearchProductTest" name="verifySearchWithInvalidProduct" time="5.472"/>
  <system-out/>
  <testcase classname="com.tutorialsninja.qa.testcases.SearchProductTest" name="verifySearchWithNoProduct" time="5.031"/>
  <system-out/>
</testsuite> <!-- com.tutorialsninja.qa.testcases.SearchProductTest -->
