<?xml version="1.0" encoding="UTF-8"?>
<!-- Generated by org.testng.reporters.JUnitReportReporter -->
<testsuite hostname="SarthakSyduAIO" failures="0" tests="3" name="com.tutorialsninja.qa.testcases.SearchProductTest" time="18.199" errors="0" timestamp="2023-06-11T19:06:36 EDT" skipped="0">
  <testcase classname="com.tutorialsninja.qa.testcases.SearchProductTest" name="verifySearchWithValidProduct" time="7.100"/>
  <system-out/>
  <testcase classname="com.tutorialsninja.qa.testcases.SearchProductTest" name="verifySearchWithInvalidProduct" time="6.025"/>
  <system-out/>
  <testcase classname="com.tutorialsninja.qa.testcases.SearchProductTest" name="verifySearchWithNoProduct" time="5.074"/>
  <system-out/>
</testsuite> <!-- com.tutorialsninja.qa.testcases.SearchProductTest -->
